2025-04-23 09:37:55,768 - [INFO] [root] Namespace(verbose=False, window=5, epoch_num=128, batch_size=256, block_size=64, lr_clf=0.01, epoch_num_gan=20480, batch_size_gan=64, block_size_gan=2560, lr_g=0.015, lr_d=0.004)
2025-04-23 09:37:55,816 - [INFO] [root] using device: cuda
2025-04-23 09:38:03,127 - [INFO] [train_clf] Start training Classifier ..
2025-04-23 09:38:03,127 - [INFO] [train_clf] [epoch_num]: 128
2025-04-23 09:38:03,128 - [INFO] [train_clf] [lr_clf]: 0.01
2025-04-23 09:38:03,792 - [INFO] [train_clf] epoch : 0, train loss : 17.554795616865157, test loss : 13.455231348673502
2025-04-23 09:38:06,465 - [INFO] [train_clf] epoch : 63, train loss : 0.040095674716690996, test loss : 1.1921543765349162e-09
2025-04-23 09:38:09,054 - [INFO] [train_clf] epoch : 127, train loss : 0.015660627856064722, test loss : 0.005063638803391432
2025-04-23 09:38:09,054 - [INFO] [train_clf] Classifier training complete.
2025-04-23 09:38:09,136 - [INFO] [pre-eval] [0.75583315 0.74239119 0.96314179 0.83830147 0.66179139]
2025-04-23 09:38:09,211 - [INFO] [train_gan] Start training GAN ..
2025-04-23 09:38:09,212 - [INFO] [train_gan] [epoch_num_gan]: 20480
2025-04-23 09:38:09,212 - [INFO] [train_gan] [lr-g]: 0.015, [lr-d]: 0.004
2025-04-23 09:38:09,931 - [INFO] [train_gan] epoch : 0, train loss d : 27.024697625637053, tranin loss g : 0.34263935387134553, test loss d : 50.0, test loss g : 0.0
2025-04-23 09:44:38,625 - [INFO] [train_gan] epoch : 2559, train loss d : 0.0, tranin loss g : 100.0, test loss d : 0.0, test loss g : 100.0
2025-04-23 09:51:06,143 - [INFO] [train_gan] epoch : 5119, train loss d : 0.0, tranin loss g : 100.0, test loss d : 0.0, test loss g : 100.0
2025-04-23 09:57:34,034 - [INFO] [train_gan] epoch : 7679, train loss d : 0.0, tranin loss g : 100.0, test loss d : 0.0, test loss g : 100.0
2025-04-23 10:04:02,061 - [INFO] [train_gan] epoch : 10239, train loss d : 0.0, tranin loss g : 100.0, test loss d : 0.0, test loss g : 100.0
2025-04-23 10:10:29,807 - [INFO] [train_gan] epoch : 12799, train loss d : 0.0, tranin loss g : 100.0, test loss d : 0.0, test loss g : 100.0
2025-04-23 10:16:57,407 - [INFO] [train_gan] epoch : 15359, train loss d : 0.0, tranin loss g : 100.0, test loss d : 0.0, test loss g : 100.0
2025-04-23 10:23:25,138 - [INFO] [train_gan] epoch : 17919, train loss d : 0.0, tranin loss g : 100.0, test loss d : 0.0, test loss g : 100.0
2025-04-23 10:29:52,676 - [INFO] [train_gan] epoch : 20479, train loss d : 0.0, tranin loss g : 100.0, test loss d : 0.0, test loss g : 100.0
2025-04-23 10:29:52,679 - [INFO] [train_gan] GAN training complete.
2025-04-23 10:29:52,808 - [INFO] [generate_synthetic] Generating 10000 samples (0) ...
2025-04-23 10:29:53,090 - [INFO] [generate_synthetic] Generating 10000 samples (1) ...
2025-04-23 10:29:55,608 - [INFO] [eval_dist] [ec-gan_0]: [np.float64(0.24521129052435564), np.float64(648.5816038479425), np.float64(1.2686027462164449), np.float64(22.585767790859492), np.float64(1.2165645084962833)]
2025-04-23 10:29:57,772 - [INFO] [eval_dist] [ec-gan_1]: [np.float64(0.33152428038244885), np.float64(720.1528660962937), np.float64(1.3481801641270124), np.float64(23.364570344776688), np.float64(1.2734038130633196)]
2025-04-23 10:29:57,783 - [INFO] [train_clf] Start training Classifier ..
2025-04-23 10:29:57,783 - [INFO] [train_clf] [epoch_num]: 128
2025-04-23 10:29:57,783 - [INFO] [train_clf] [lr_clf]: 0.01
2025-04-23 10:29:58,113 - [INFO] [train_clf] epoch : 0, train loss : 4.731599991975324, test loss : 7.898618457045936e-23
2025-04-23 10:30:17,095 - [INFO] [train_clf] epoch : 63, train loss : 0.0011003537066242518, test loss : 1.643037138142338e-22
2025-04-23 10:30:36,462 - [INFO] [train_clf] epoch : 127, train loss : 0.0011003522805239805, test loss : 2.2405870058310646e-23
2025-04-23 10:30:36,462 - [INFO] [train_clf] Classifier training complete.
2025-04-23 10:30:36,525 - [INFO] [ec-gan] Perf on A set: [0.47760695 0.37025401 0.8        0.50622024 0.5       ]
2025-04-23 10:30:36,597 - [INFO] [ec-gan] Perf on B set: [0.59420031 0.62628585 0.78102686 0.64267881 0.50944988]
2025-04-23 10:30:36,669 - [INFO] [train_gan] Start training LabeledGAN ..
2025-04-23 10:30:36,670 - [INFO] [train_gan] [epoch_num_gan]: 20480
2025-04-23 10:30:36,670 - [INFO] [train_gan] [lr-g]: 0.015, [lr-d]: 0.004
2025-04-23 10:30:36,838 - [INFO] [train_gan] epoch : 0, train loss d : 22.694682389497757, tranin loss g : 7.47615555524826, test loss d : 48.13177235921224, test loss g : 1.8441553910573323
2025-04-23 10:36:54,544 - [INFO] [train_gan] epoch : 2559, train loss d : 0.018934641778469086, tranin loss g : 144.7261535644531, test loss d : 30.721663157145183, test loss g : 150.5190175374349
2025-04-23 10:43:13,035 - [INFO] [train_gan] epoch : 5119, train loss d : 0.015625, tranin loss g : 146.80232849121094, test loss d : 26.058587392171223, test loss g : 151.55704752604166
2025-04-23 10:49:32,375 - [INFO] [train_gan] epoch : 7679, train loss d : 0.021875, tranin loss g : 151.2173629760742, test loss d : 24.91067059834798, test loss g : 148.44295247395834
2025-04-23 10:55:51,751 - [INFO] [train_gan] epoch : 10239, train loss d : 0.009375, tranin loss g : 153.06241455078126, test loss d : 23.70245869954427, test loss g : 147.40491739908853
2025-04-23 11:02:10,727 - [INFO] [train_gan] epoch : 12799, train loss d : 0.015625, tranin loss g : 153.03538970947267, test loss d : 25.68882878621419, test loss g : 147.40491739908853
2025-04-23 11:08:28,980 - [INFO] [train_gan] epoch : 15359, train loss d : 0.025, tranin loss g : 153.0157241821289, test loss d : 23.962875366210938, test loss g : 147.40491739908853
2025-04-23 11:14:48,039 - [INFO] [train_gan] epoch : 17919, train loss d : 0.01875, tranin loss g : 151.36028289794922, test loss d : 26.21593411763509, test loss g : 148.44295247395834
2025-04-23 11:21:06,621 - [INFO] [train_gan] epoch : 20479, train loss d : 0.10888888910412789, tranin loss g : 148.3128662109375, test loss d : 27.198315302530926, test loss g : 149.4809824625651
2025-04-23 11:21:06,624 - [INFO] [train_gan] GAN training complete.
2025-04-23 11:21:06,739 - [INFO] [generate_synthetic] Generating 10000 samples (0) ...
2025-04-23 11:21:06,876 - [INFO] [generate_synthetic] Generating 10000 samples (1) ...
2025-04-23 11:21:09,081 - [INFO] [eval_dist] [co-gan_0]: [np.float64(-0.016290557204278855), np.float64(513.2120408859872), np.float64(1.082185199862077), np.float64(23.22193301222433), np.float64(1.1955780422711526)]
2025-04-23 11:21:10,989 - [INFO] [eval_dist] [co-gan_1]: [np.float64(-0.018191597590628543), np.float64(529.6953541038395), np.float64(1.082844487343229), np.float64(22.67120337690707), np.float64(1.2176740591854882)]
2025-04-23 11:21:11,001 - [INFO] [train_clf] Start training Classifier ..
2025-04-23 11:21:11,001 - [INFO] [train_clf] [epoch_num]: 128
2025-04-23 11:21:11,001 - [INFO] [train_clf] [lr_clf]: 0.01
2025-04-23 11:21:11,329 - [INFO] [train_clf] epoch : 0, train loss : 49.30215129885875, test loss : 50.250901222229004
2025-04-23 11:21:30,491 - [INFO] [train_clf] epoch : 63, train loss : 49.95642605633803, test loss : 50.250901222229004
2025-04-23 11:21:50,084 - [INFO] [train_clf] epoch : 127, train loss : 49.980633802816904, test loss : 50.250901222229004
2025-04-23 11:21:50,084 - [INFO] [train_clf] Classifier training complete.
2025-04-23 11:21:50,141 - [INFO] [co-gan] Perf on A set: [0.49217914 0.27754011 0.6        0.37952465 0.5       ]
2025-04-23 11:21:50,213 - [INFO] [co-gan] Perf on B set: [0.53151907 0.59758231 0.58877933 0.5103122  0.50554401]
