2025-04-23 09:40:10,225 - [INFO] [root] Namespace(verbose=False, window=5, epoch_num=128, batch_size=256, block_size=64, lr_clf=0.01, epoch_num_gan=20480, batch_size_gan=64, block_size_gan=2560, lr_g=0.015, lr_d=0.004)
2025-04-23 09:40:10,244 - [INFO] [root] using device: cuda
2025-04-23 09:40:17,651 - [INFO] [train_clf] Start training Classifier ..
2025-04-23 09:40:17,651 - [INFO] [train_clf] [epoch_num]: 128
2025-04-23 09:40:17,651 - [INFO] [train_clf] [lr_clf]: 0.01
2025-04-23 09:40:18,412 - [INFO] [train_clf] epoch : 0, train loss : 0.6875694751739502, test loss : 0.6909722884496053
2025-04-23 09:40:22,351 - [INFO] [train_clf] epoch : 63, train loss : 0.0017015816833009013, test loss : 0.001414288873396193
2025-04-23 09:40:26,266 - [INFO] [train_clf] epoch : 127, train loss : 0.0003216292778233765, test loss : 0.0007283298643111872
2025-04-23 09:40:26,266 - [INFO] [train_clf] Classifier training complete.
2025-04-23 09:40:26,393 - [INFO] [pre-eval] [0.86691947 0.9360861  0.85562734 0.89401763 0.87204194]
2025-04-23 09:40:26,402 - [INFO] [train_gan] Start training GAN ..
2025-04-23 09:40:26,402 - [INFO] [train_gan] [epoch_num_gan]: 20480
2025-04-23 09:40:26,402 - [INFO] [train_gan] [lr-g]: 0.015, [lr-d]: 0.004
2025-04-23 09:40:27,042 - [INFO] [train_gan] epoch : 0, train loss d : 0.4371951729059219, tranin loss g : 0.9241998672485352, test loss d : 0.5055147608121237, test loss g : 0.6811145345369974
2025-04-23 09:48:22,055 - [INFO] [train_gan] epoch : 2559, train loss d : 1.430855576245449e-07, tranin loss g : 22.8902286529541, test loss d : 1.788710098556597e-07, test loss g : 22.894070307413738
2025-04-23 09:56:18,302 - [INFO] [train_gan] epoch : 5119, train loss d : 2.556387783750336e-12, tranin loss g : 25.4886775970459, test loss d : 4.25540491154804e-12, test loss g : 25.48968442281087
2025-04-23 10:04:15,393 - [INFO] [train_gan] epoch : 7679, train loss d : 9.124870564009013e-13, tranin loss g : 26.518773460388182, test loss d : 1.5196073927548996e-12, test loss g : 26.519421259562176
2025-04-23 10:12:07,563 - [INFO] [train_gan] epoch : 10239, train loss d : 3.347437913881271e-13, tranin loss g : 27.5214900970459, test loss d : 5.577486172567148e-13, test loss g : 27.521721522013348
2025-04-23 10:20:00,655 - [INFO] [train_gan] epoch : 12799, train loss d : 2.2253449761091073e-13, tranin loss g : 27.92973747253418, test loss d : 3.7093186414499196e-13, test loss g : 27.929611206054688
2025-04-23 10:27:56,396 - [INFO] [train_gan] epoch : 15359, train loss d : 2.1671292825585843e-13, tranin loss g : 27.95624122619629, test loss d : 3.611647114189209e-13, test loss g : 27.956294377644856
2025-04-23 10:35:49,112 - [INFO] [train_gan] epoch : 17919, train loss d : 2.767909707858396e-13, tranin loss g : 27.711573982238768, test loss d : 4.612086356633552e-13, test loss g : 27.711779912312824
2025-04-23 10:43:43,658 - [INFO] [train_gan] epoch : 20479, train loss d : 2.632090481983693e-13, tranin loss g : 27.761890602111816, test loss d : 4.3860245116089197e-13, test loss g : 27.762034734090168
2025-04-23 10:43:43,675 - [INFO] [train_gan] GAN training complete.
2025-04-23 10:43:43,697 - [INFO] [generate_synthetic] Generating 10000 samples (0) ...
2025-04-23 10:43:44,019 - [INFO] [generate_synthetic] Generating 10000 samples (1) ...
2025-04-23 10:43:46,383 - [INFO] [eval_dist] [ec-gan_0]: [np.float64(-0.00010029822252920664), np.float64(4452513.568511652), np.float64(84.7096968420157), np.float64(nan), np.float64(1.3824978637904073)]
2025-04-23 10:43:48,384 - [INFO] [eval_dist] [ec-gan_1]: [np.float64(-0.00019082246429963788), np.float64(4448255.8357323455), np.float64(84.66887906651122), np.float64(nan), np.float64(1.3936322992581862)]
2025-04-23 10:43:48,398 - [INFO] [train_clf] Start training Classifier ..
2025-04-23 10:43:48,398 - [INFO] [train_clf] [epoch_num]: 128
2025-04-23 10:43:48,398 - [INFO] [train_clf] [lr_clf]: 0.01
2025-04-23 10:43:48,891 - [INFO] [train_clf] epoch : 0, train loss : 0.6937038142916182, test loss : 0.6933625712990761
2025-04-23 10:44:17,645 - [INFO] [train_clf] epoch : 63, train loss : 0.693420518452013, test loss : 0.6931638941168785
2025-04-23 10:44:46,959 - [INFO] [train_clf] epoch : 127, train loss : 0.6932363359021468, test loss : 0.6932244822382927
2025-04-23 10:44:46,959 - [INFO] [train_clf] Classifier training complete.
2025-04-23 10:44:47,047 - [INFO] [ec-gan] Perf on A set: [0.46290107 0.46290107 1.         0.63285341 0.5       ]
2025-04-23 10:44:47,162 - [INFO] [ec-gan] Perf on B set: [0.65603391 0.65603391 1.         0.79229526 0.5       ]
2025-04-23 10:44:47,170 - [INFO] [train_gan] Start training LabeledGAN ..
2025-04-23 10:44:47,170 - [INFO] [train_gan] [epoch_num_gan]: 20480
2025-04-23 10:44:47,170 - [INFO] [train_gan] [lr-g]: 0.015, [lr-d]: 0.004
2025-04-23 10:44:47,381 - [INFO] [train_gan] epoch : 0, train loss d : 0.731032645702362, tranin loss g : 1.5445317506790162, test loss d : 1.404187520345052, test loss g : 1.0914471944173176
2025-04-23 10:52:43,564 - [INFO] [train_gan] epoch : 2559, train loss d : 1.9734292155959565e-08, tranin loss g : 22.137492370605468, test loss d : 0.6403166254361471, test loss g : 22.21693293253581
2025-04-23 11:00:37,561 - [INFO] [train_gan] epoch : 5119, train loss d : 6.988694678966567e-07, tranin loss g : 30.144117736816405, test loss d : 6.117176532745361, test loss g : 30.594039916992188
2025-04-23 11:08:34,740 - [INFO] [train_gan] epoch : 7679, train loss d : 3.064661671032809e-05, tranin loss g : 17.83940029144287, test loss d : 0.016748974410196144, test loss g : 17.84376398722331
2025-04-23 11:16:27,528 - [INFO] [train_gan] epoch : 10239, train loss d : 0.0031250263521527266, tranin loss g : 27.013727569580077, test loss d : 0.37427017092704773, test loss g : 27.049996693929035
2025-04-23 11:24:25,848 - [INFO] [train_gan] epoch : 12799, train loss d : 0.0031250000589766007, tranin loss g : 28.477473640441893, test loss d : 0.3858842651049296, test loss g : 28.55909792582194
2025-04-23 11:32:18,173 - [INFO] [train_gan] epoch : 15359, train loss d : 0.0031250000344079723, tranin loss g : 27.75289306640625, test loss d : 0.2919812003771464, test loss g : 27.805875142415363
2025-04-23 11:40:14,324 - [INFO] [train_gan] epoch : 17919, train loss d : 0.003125000016085193, tranin loss g : 28.189352607727052, test loss d : 0.5460935831069946, test loss g : 28.234068552652996
2025-04-23 11:48:14,270 - [INFO] [train_gan] epoch : 20479, train loss d : 0.0031250000204509436, tranin loss g : 28.287574005126952, test loss d : 0.29975831508636475, test loss g : 28.343719482421875
2025-04-23 11:48:14,274 - [INFO] [train_gan] GAN training complete.
2025-04-23 11:48:14,295 - [INFO] [generate_synthetic] Generating 10000 samples (0) ...
2025-04-23 11:48:14,489 - [INFO] [generate_synthetic] Generating 10000 samples (1) ...
2025-04-23 11:48:16,791 - [INFO] [eval_dist] [co-gan_0]: [np.float64(-5.281447365451306e-05), np.float64(2720054.398677102), np.float64(71.58848919776081), np.float64(23.453374675693286), np.float64(1.3824978637904073)]
2025-04-23 11:48:19,049 - [INFO] [eval_dist] [co-gan_1]: [np.float64(-8.441661696649161e-05), np.float64(1618569.250330136), np.float64(54.75449513880752), np.float64(24.605783663603383), np.float64(1.3936322992581862)]
2025-04-23 11:48:19,063 - [INFO] [train_clf] Start training Classifier ..
2025-04-23 11:48:19,064 - [INFO] [train_clf] [epoch_num]: 128
2025-04-23 11:48:19,064 - [INFO] [train_clf] [lr_clf]: 0.01
2025-04-23 11:48:19,552 - [INFO] [train_clf] epoch : 0, train loss : 0.023823848852326194, test loss : 2.81226411402713e-06
2025-04-23 11:48:48,081 - [INFO] [train_clf] epoch : 63, train loss : 1.7782704710946708e-07, test loss : 1.6384372258926305e-07
2025-04-23 11:49:17,208 - [INFO] [train_clf] epoch : 127, train loss : 9.135958581201604e-09, test loss : 9.254647936884908e-09
2025-04-23 11:49:17,209 - [INFO] [train_clf] Classifier training complete.
2025-04-23 11:49:17,297 - [INFO] [co-gan] Perf on A set: [0.6256016  0.55285088 1.         0.71204587 0.65146266]
2025-04-23 11:49:17,412 - [INFO] [co-gan] Perf on B set: [0.90903413 0.90021488 0.96871812 0.93321105 0.88195958]
