2025-04-23 09:42:50,830 - [INFO] [root] Namespace(verbose=False, window=5, epoch_num=128, batch_size=256, block_size=64, lr_clf=0.01, epoch_num_gan=20480, batch_size_gan=64, block_size_gan=2560, lr_g=0.015, lr_d=0.004)
2025-04-23 09:42:50,849 - [INFO] [root] using device: cuda
2025-04-23 09:42:57,953 - [INFO] [train_clf] Start training Classifier ..
2025-04-23 09:42:57,954 - [INFO] [train_clf] [epoch_num]: 128
2025-04-23 09:42:57,954 - [INFO] [train_clf] [lr_clf]: 0.01
2025-04-23 09:42:58,440 - [INFO] [train_clf] epoch : 0, train loss : 0.19073449000716208, test loss : 1.783495545387268
2025-04-23 09:43:00,198 - [INFO] [train_clf] epoch : 63, train loss : 0.000695020589955675, test loss : 0.0001128987138751351
2025-04-23 09:43:01,857 - [INFO] [train_clf] epoch : 127, train loss : 0.00016128710212797158, test loss : 1.0567694819959192e-05
2025-04-23 09:43:01,857 - [INFO] [train_clf] Classifier training complete.
2025-04-23 09:43:01,931 - [INFO] [pre-eval] [0.82150346 0.92365825 0.79353961 0.85366583 0.83418874]
2025-04-23 09:43:01,934 - [INFO] [train_gan] Start training GAN ..
2025-04-23 09:43:01,934 - [INFO] [train_gan] [epoch_num_gan]: 20480
2025-04-23 09:43:01,934 - [INFO] [train_gan] [lr-g]: 0.015, [lr-d]: 0.004
2025-04-23 09:43:02,362 - [INFO] [train_gan] epoch : 0, train loss d : 0.26177095621824265, tranin loss g : 1.5219351172447204, test loss d : 0.4798758625984192, test loss g : 1.2482916116714478
2025-04-23 09:45:24,738 - [INFO] [train_gan] epoch : 2559, train loss d : 2.6077049131156825e-10, tranin loss g : 99.87246780395508, test loss d : 0.0, test loss g : 100.0
2025-04-23 09:47:46,427 - [INFO] [train_gan] epoch : 5119, train loss d : 1.689825818129297e-42, tranin loss g : 100.0, test loss d : 0.0, test loss g : 100.0
2025-04-23 09:50:06,912 - [INFO] [train_gan] epoch : 7679, train loss d : 9.414013089295004e-36, tranin loss g : 100.0, test loss d : 0.0, test loss g : 100.0
2025-04-23 09:52:25,305 - [INFO] [train_gan] epoch : 10239, train loss d : 0.0, tranin loss g : 100.0, test loss d : 0.0, test loss g : 100.0
2025-04-23 09:54:43,841 - [INFO] [train_gan] epoch : 12799, train loss d : 0.0027665212346130617, tranin loss g : 100.0, test loss d : 0.0, test loss g : 100.0
2025-04-23 09:57:01,084 - [INFO] [train_gan] epoch : 15359, train loss d : 0.0, tranin loss g : 100.0, test loss d : 0.0, test loss g : 100.0
2025-04-23 09:59:19,101 - [INFO] [train_gan] epoch : 17919, train loss d : 0.0, tranin loss g : 100.0, test loss d : 0.0, test loss g : 100.0
2025-04-23 10:01:36,034 - [INFO] [train_gan] epoch : 20479, train loss d : 0.0010157458134926855, tranin loss g : 99.93506088256837, test loss d : 0.0, test loss g : 100.0
2025-04-23 10:01:36,035 - [INFO] [train_gan] GAN training complete.
2025-04-23 10:01:36,046 - [INFO] [generate_synthetic] Generating 10000 samples (0) ...
2025-04-23 10:01:36,295 - [INFO] [generate_synthetic] Generating 10000 samples (1) ...
2025-04-23 10:01:38,831 - [INFO] [eval_dist] [ec-gan_0]: [np.float64(0.08161058017899198), np.float64(258.5409524085934), np.float64(0.6821757643505115), np.float64(19.470308545349333), np.float64(0.5835539643581358)]
2025-04-23 10:01:41,242 - [INFO] [eval_dist] [ec-gan_1]: [np.float64(0.15181918024858965), np.float64(228.72454786092004), np.float64(0.6259930779669597), np.float64(19.049605395114522), np.float64(0.5501782218738164)]
2025-04-23 10:01:41,252 - [INFO] [train_clf] Start training Classifier ..
2025-04-23 10:01:41,253 - [INFO] [train_clf] [epoch_num]: 128
2025-04-23 10:01:41,253 - [INFO] [train_clf] [lr_clf]: 0.01
2025-04-23 10:01:41,455 - [INFO] [train_clf] epoch : 0, train loss : 0.028206551410208627, test loss : 0.0007358191614912357
2025-04-23 10:01:53,334 - [INFO] [train_clf] epoch : 63, train loss : 5.4226566064731024e-05, test loss : 3.0685565661769942e-06
2025-04-23 10:02:05,548 - [INFO] [train_clf] epoch : 127, train loss : 2.2598629111528467e-07, test loss : 1.511818920753305e-06
2025-04-23 10:02:05,548 - [INFO] [train_clf] Classifier training complete.
2025-04-23 10:02:05,599 - [INFO] [ec-gan] Perf on A set: [0.46290107 0.46290107 1.         0.63285341 0.5       ]
2025-04-23 10:02:05,662 - [INFO] [ec-gan] Perf on B set: [0.65661387 0.66312849 0.96865012 0.78728754 0.51506436]
2025-04-23 10:02:05,665 - [INFO] [train_gan] Start training LabeledGAN ..
2025-04-23 10:02:05,665 - [INFO] [train_gan] [epoch_num_gan]: 20480
2025-04-23 10:02:05,665 - [INFO] [train_gan] [lr-g]: 0.015, [lr-d]: 0.004
2025-04-23 10:02:05,729 - [INFO] [train_gan] epoch : 0, train loss d : 0.6395969569683075, tranin loss g : 1.2615878343582154, test loss d : 1.1256486177444458, test loss g : 0.8958009481430054
2025-04-23 10:04:29,937 - [INFO] [train_gan] epoch : 2559, train loss d : 0.0004946875999145561, tranin loss g : 100.00100173950196, test loss d : 2.572434810351372e-07, test loss g : 100.0
2025-04-23 10:06:52,600 - [INFO] [train_gan] epoch : 5119, train loss d : 0.00016951821174733263, tranin loss g : 100.015625, test loss d : 6.175072772100314e-08, test loss g : 100.0
2025-04-23 10:09:15,088 - [INFO] [train_gan] epoch : 7679, train loss d : 0.00043967173656395684, tranin loss g : 100.00936889648438, test loss d : 3.732725110177642e-08, test loss g : 100.0
2025-04-23 10:11:38,546 - [INFO] [train_gan] epoch : 10239, train loss d : 9.884417108400809e-05, tranin loss g : 100.03195266723633, test loss d : 3.585666446712202e-09, test loss g : 100.0
2025-04-23 10:14:02,126 - [INFO] [train_gan] epoch : 12799, train loss d : 0.0002798553063091841, tranin loss g : 100.01607894897461, test loss d : 2.5559874206996087e-08, test loss g : 100.0
2025-04-23 10:16:25,235 - [INFO] [train_gan] epoch : 15359, train loss d : 0.00021401482975395297, tranin loss g : 100.01300277709962, test loss d : 1.7464417618970984e-12, test loss g : 100.0
2025-04-23 10:18:47,540 - [INFO] [train_gan] epoch : 17919, train loss d : 0.0007212908238341451, tranin loss g : 100.015625, test loss d : 4.656664547071611e-11, test loss g : 100.0
2025-04-23 10:21:10,804 - [INFO] [train_gan] epoch : 20479, train loss d : 0.0002432073127282152, tranin loss g : 100.00005645751953, test loss d : 2.3927984879905878e-14, test loss g : 100.0
2025-04-23 10:21:10,805 - [INFO] [train_gan] GAN training complete.
2025-04-23 10:21:10,815 - [INFO] [generate_synthetic] Generating 10000 samples (0) ...
2025-04-23 10:21:10,899 - [INFO] [generate_synthetic] Generating 10000 samples (1) ...
2025-04-23 10:21:13,255 - [INFO] [eval_dist] [co-gan_0]: [np.float64(0.04786834691367005), np.float64(217.7745965651748), np.float64(0.6706227860331996), np.float64(21.94985043438738), np.float64(0.8396176505907602)]
2025-04-23 10:21:15,498 - [INFO] [eval_dist] [co-gan_1]: [np.float64(-0.06087858407458798), np.float64(512.8041240982856), np.float64(1.0487946159523907), np.float64(17.798495006541604), np.float64(1.0819589885253835)]
2025-04-23 10:21:15,509 - [INFO] [train_clf] Start training Classifier ..
2025-04-23 10:21:15,509 - [INFO] [train_clf] [epoch_num]: 128
2025-04-23 10:21:15,509 - [INFO] [train_clf] [lr_clf]: 0.01
2025-04-23 10:21:15,709 - [INFO] [train_clf] epoch : 0, train loss : 0.01737737988888755, test loss : 7.872607238823548e-05
2025-04-23 10:21:27,522 - [INFO] [train_clf] epoch : 63, train loss : 2.790076337478368e-07, test loss : 2.120812396810834e-07
2025-04-23 10:21:39,539 - [INFO] [train_clf] epoch : 127, train loss : 2.079366954052335e-08, test loss : 9.461671890420575e-09
2025-04-23 10:21:39,539 - [INFO] [train_clf] Classifier training complete.
2025-04-23 10:21:39,603 - [INFO] [co-gan] Perf on A set: [0.53709893 0.         0.         0.         0.5       ]
2025-04-23 10:21:39,668 - [INFO] [co-gan] Perf on B set: [0.3378095  0.43563196 0.03019381 0.05645077 0.47735372]
